<?xml version="1.0" encoding="UTF-8"?>
<!-- Generated by org.testng.reporters.JUnitReportReporter -->
<testsuite skipped="0" hostname="LAPTOP-CFNPKNA7" name="com.java.mavnePrac.applicationTest" tests="5" failures="0" timestamp="2020-03-30T16:51:56 IST" time="0.011" errors="0">
  <testcase name="shoppingbigbazar" time="0.001" classname="com.java.mavnePrac.applicationTest"/>
  <system-out/>
  <testcase name="shoppingdemart" time="0.001" classname="com.java.mavnePrac.applicationTest"/>
  <system-out/>
  <testcase name="shoppingmore" time="0.001" classname="com.java.mavnePrac.applicationTest"/>
  <system-out/>
  <testcase name="onlineamazon" time="0.007" classname="com.java.mavnePrac.applicationTest"/>
  <system-out/>
  <testcase name="onlineflipkart" time="0.001" classname="com.java.mavnePrac.applicationTest"/>
  <system-out/>
</testsuite> <!-- com.java.mavnePrac.applicationTest -->
