<?xml version="1.0" encoding="UTF-8"?>
<!-- Generated by org.testng.reporters.JUnitReportReporter -->
<testsuite skipped="0" hostname="LAPTOP-CFNPKNA7" name="com.java.mavnePrac.demoTest" tests="3" failures="0" timestamp="31 Mar 2020 12:03:29 GMT" time="0.002" errors="0">
  <testcase name="Bookflight" time="0.001" classname="com.java.mavnePrac.demoTest"/>
  <testcase name="login" time="0.000" classname="com.java.mavnePrac.demoTest"/>
  <testcase name="search" time="0.001" classname="com.java.mavnePrac.demoTest"/>
</testsuite> <!-- com.java.mavnePrac.demoTest -->
