<?xml version="1.0" encoding="UTF-8"?>
<!-- Generated by org.testng.reporters.JUnitReportReporter -->
<testsuite skipped="0" hostname="LAPTOP-CFNPKNA7" name="com.java.mavnePrac.demoTest$App" tests="3" failures="0" timestamp="2020-03-30T16:53:49 IST" time="0.013" errors="0">
  <testcase name="login" time="0.010" classname="com.java.mavnePrac.demoTest$App"/>
  <system-out/>
  <testcase name="Bookflight" time="0.002" classname="com.java.mavnePrac.demoTest$App"/>
  <system-out/>
  <testcase name="search" time="0.001" classname="com.java.mavnePrac.demoTest$App"/>
  <system-out/>
</testsuite> <!-- com.java.mavnePrac.demoTest$App -->
