<?xml version="1.0" encoding="UTF-8"?>
<!-- Generated by org.testng.reporters.JUnitReportReporter -->
<testsuite skipped="0" hostname="LAPTOP-CFNPKNA7" name="com.java.mavnePrac.applicationTest" tests="5" failures="0" timestamp="31 Mar 2020 12:03:29 GMT" time="0.011" errors="0">
  <testcase name="shoppingdemart" time="0.001" classname="com.java.mavnePrac.applicationTest"/>
  <testcase name="onlineflipkart" time="0.001" classname="com.java.mavnePrac.applicationTest"/>
  <testcase name="shoppingmore" time="0.001" classname="com.java.mavnePrac.applicationTest"/>
  <testcase name="onlineamazon" time="0.007" classname="com.java.mavnePrac.applicationTest"/>
  <testcase name="shoppingbigbazar" time="0.001" classname="com.java.mavnePrac.applicationTest"/>
</testsuite> <!-- com.java.mavnePrac.applicationTest -->
