<?xml version="1.0" encoding="UTF-8"?>
<!-- Generated by org.testng.reporters.JUnitReportReporter -->
<testsuite skipped="0" hostname="LAPTOP-CFNPKNA7" name="com.java.mavnePrac.applicationTest" tests="5" failures="0" timestamp="2020-03-31T17:37:09 IST" time="0.000" errors="0">
  <testcase name="onlineflipkart" time="0.000" classname="com.java.mavnePrac.applicationTest"/>
  <testcase name="shoppingdemart" time="0.000" classname="com.java.mavnePrac.applicationTest"/>
  <testcase name="shoppingmore" time="0.000" classname="com.java.mavnePrac.applicationTest"/>
  <testcase name="shoppingbigbazar" time="0.000" classname="com.java.mavnePrac.applicationTest"/>
  <testcase name="onlineamazon" time="0.000" classname="com.java.mavnePrac.applicationTest"/>
</testsuite> <!-- com.java.mavnePrac.applicationTest -->
