<?xml version="1.0" encoding="UTF-8"?>
<!-- Generated by org.testng.reporters.JUnitReportReporter -->
<testsuite skipped="0" hostname="LAPTOP-CFNPKNA7" name="com.java.mavnePrac.demoTest" tests="3" failures="0" timestamp="2020-03-31T17:06:06 IST" time="0.001" errors="0">
  <testcase name="Bookflight" time="0.000" classname="com.java.mavnePrac.demoTest"/>
  <testcase name="search" time="0.001" classname="com.java.mavnePrac.demoTest"/>
  <testcase name="login" time="0.000" classname="com.java.mavnePrac.demoTest"/>
</testsuite> <!-- com.java.mavnePrac.demoTest -->
